EDA Netlist Writer report for afalina_tvk
Fri Jan 30 14:33:14 2009
Quartus II Version 7.2 Build 151 09/26/2007 SJ Full Version


---------------------
; Table of Contents ;
---------------------
  1. Legal Notice
  2. EDA Netlist Writer Summary
  3. Simulation Settings
  4. Simulation Generated Files
  5. EDA Netlist Writer Messages



----------------
; Legal Notice ;
----------------
Copyright (C) 1991-2007 Altera Corporation
Your use of Altera Corporation's design tools, logic functions 
and other software and tools, and its AMPP partner logic 
functions, and any output files from any of the foregoing 
(including device programming or simulation files), and any 
associated documentation or information are expressly subject 
to the terms and conditions of the Altera Program License 
Subscription Agreement, Altera MegaCore Function License 
Agreement, or other applicable license agreement, including, 
without limitation, that your use is for the sole purpose of 
programming logic devices manufactured by Altera and sold by 
Altera or its authorized distributors.  Please refer to the 
applicable agreement for further details.



+-------------------------------------------------------------------+
; EDA Netlist Writer Summary                                        ;
+---------------------------+---------------------------------------+
; EDA Netlist Writer Status ; Successful - Fri Jan 30 14:33:14 2009 ;
; Revision Name             ; afalina_tvk                           ;
; Top-level Entity Name     ; afalina_tvk                           ;
; Family                    ; Cyclone III                           ;
; Simulation Files Creation ; Successful                            ;
+---------------------------+---------------------------------------+


+----------------------------------------------------------------------------------------------------------------+
; Simulation Settings                                                                                            ;
+--------------------------------------------------------------------------------------------+-------------------+
; Option                                                                                     ; Setting           ;
+--------------------------------------------------------------------------------------------+-------------------+
; Tool Name                                                                                  ; Active-HDL (VHDL) ;
; Generate netlist for functional simulation only                                            ; Off               ;
; Time scale                                                                                 ; 1 ps              ;
; Truncate long hierarchy paths                                                              ; Off               ;
; Map illegal HDL characters                                                                 ; Off               ;
; Flatten buses into individual nodes                                                        ; Off               ;
; Maintain hierarchy                                                                         ; Off               ;
; Bring out device-wide set/reset signals as ports                                           ; Off               ;
; Enable glitch filtering                                                                    ; Off               ;
; Do not write top level VHDL entity                                                         ; Off               ;
; Disable setup and hold time violations detection in input registers of bi-directional pins ; Off               ;
; Architecture name in VHDL output netlist                                                   ; structure         ;
+--------------------------------------------------------------------------------------------+-------------------+


+---------------------------------------------------------------------------------------------------------------------+
; Simulation Generated Files                                                                                          ;
+---------------------------------------------------------------------------------------------------------------------+
; Generated Files                                                                                                     ;
+---------------------------------------------------------------------------------------------------------------------+
; F:/Aldec/My_Designs/Afalina/Afalina_tvk_eop_28_01_09/Afalina_tvk/synthesis/simulation/activehdl/afalina_tvk.vho     ;
; F:/Aldec/My_Designs/Afalina/Afalina_tvk_eop_28_01_09/Afalina_tvk/synthesis/simulation/activehdl/afalina_tvk_vhd.sdo ;
+---------------------------------------------------------------------------------------------------------------------+


+-----------------------------+
; EDA Netlist Writer Messages ;
+-----------------------------+
Info: *******************************************************************
Info: Running Quartus II EDA Netlist Writer
    Info: Version 7.2 Build 151 09/26/2007 SJ Full Version
    Info: Processing started: Fri Jan 30 14:33:10 2009
Info: Command: quartus_eda --read_settings_files=off --write_settings_files=off afalina_tvk -c afalina_tvk
Info: Generated file afalina_tvk_vhd.sdo in folder "F:/Aldec/My_Designs/Afalina/Afalina_tvk_eop_28_01_09/Afalina_tvk/synthesis/simulation/activehdl/" for EDA simulation tool
Info: Quartus II EDA Netlist Writer was successful. 0 errors, 0 warnings
    Info: Allocated 195 megabytes of memory during processing
    Info: Processing ended: Fri Jan 30 14:33:15 2009
    Info: Elapsed time: 00:00:05


