Flow report for afalina_tvk
Fri Jan 30 14:33:14 2009
Quartus II Version 7.2 Build 151 09/26/2007 SJ Full Version


---------------------
; Table of Contents ;
---------------------
  1. Legal Notice
  2. Flow Summary
  3. Flow Settings
  4. Flow Non-Default Global Settings
  5. Flow Elapsed Time
  6. Flow Log



----------------
; Legal Notice ;
----------------
Copyright (C) 1991-2007 Altera Corporation
Your use of Altera Corporation's design tools, logic functions 
and other software and tools, and its AMPP partner logic 
functions, and any output files from any of the foregoing 
(including device programming or simulation files), and any 
associated documentation or information are expressly subject 
to the terms and conditions of the Altera Program License 
Subscription Agreement, Altera MegaCore Function License 
Agreement, or other applicable license agreement, including, 
without limitation, that your use is for the sole purpose of 
programming logic devices manufactured by Altera and sold by 
Altera or its authorized distributors.  Please refer to the 
applicable agreement for further details.



+-------------------------------------------------------------------------------+
; Flow Summary                                                                  ;
+------------------------------------+------------------------------------------+
; Flow Status                        ; Successful - Fri Jan 30 14:33:14 2009    ;
; Quartus II Version                 ; 7.2 Build 151 09/26/2007 SJ Full Version ;
; Revision Name                      ; afalina_tvk                              ;
; Top-level Entity Name              ; afalina_tvk                              ;
; Family                             ; Cyclone III                              ;
; Device                             ; EP3C10F256C7                             ;
; Timing Models                      ; Preliminary                              ;
; Met timing requirements            ; No                                       ;
; Total logic elements               ; 2,462 / 10,320 ( 24 % )                  ;
;     Total combinational functions  ; 2,119 / 10,320 ( 21 % )                  ;
;     Dedicated logic registers      ; 1,485 / 10,320 ( 14 % )                  ;
; Total registers                    ; 1485                                     ;
; Total pins                         ; 179 / 183 ( 98 % )                       ;
; Total virtual pins                 ; 18                                       ;
; Total memory bits                  ; 86,016 / 423,936 ( 20 % )                ;
; Embedded Multiplier 9-bit elements ; 0 / 46 ( 0 % )                           ;
; Total PLLs                         ; 1 / 2 ( 50 % )                           ;
+------------------------------------+------------------------------------------+


+-----------------------------------------+
; Flow Settings                           ;
+-------------------+---------------------+
; Option            ; Setting             ;
+-------------------+---------------------+
; Start date & time ; 01/30/2009 14:30:22 ;
; Main task         ; Compilation         ;
; Revision Name     ; afalina_tvk         ;
+-------------------+---------------------+


+-------------------------------------------------------------------------------------------------------------------------------------------------------------------------------------------------------------------+
; Flow Non-Default Global Settings                                                                                                                                                                                  ;
+--------------------------------------------------+----------------------------------------------------------------------------------------------+--------------------------------+-------------+------------------+
; Assignment Name                                  ; Value                                                                                        ; Default Value                  ; Entity Name ; Section Id       ;
+--------------------------------------------------+----------------------------------------------------------------------------------------------+--------------------------------+-------------+------------------+
; AUTO_SHIFT_REGISTER_RECOGNITION                  ; Off                                                                                          ; Auto                           ; --          ; --               ;
; EDA_GENERATE_POWER_INPUT_FILE                    ; Off                                                                                          ; --                             ; --          ; eda_simulation   ;
; EDA_OUTPUT_DATA_FORMAT                           ; Vhdl                                                                                         ; --                             ; --          ; eda_simulation   ;
; EDA_SIMULATION_TOOL                              ; Active-HDL (VHDL)                                                                            ; <None>                         ; --          ; --               ;
; EDA_TIME_SCALE                                   ; 1 ps                                                                                         ; --                             ; --          ; eda_simulation   ;
; ENABLE_ADVANCED_IO_TIMING                        ; On                                                                                           ; --                             ; --          ; --               ;
; ENABLE_SIGNALTAP                                 ; On                                                                                           ; --                             ; --          ; --               ;
; FITTER_EFFORT                                    ; Standard Fit                                                                                 ; Auto Fit                       ; --          ; --               ;
; MAX_CONSECUTIVE_OUTPUTS_FOR_ELECTROMIGRATION     ; 12                                                                                           ; --                             ; --          ; --               ;
; MAX_CONSECUTIVE_VIO_OUTPUTS_FOR_ELECTROMIGRATION ; 8                                                                                            ; --                             ; --          ; --               ;
; MAX_CURRENT_FOR_ELECTROMIGRATION                 ; 240                                                                                          ; --                             ; --          ; --               ;
; MAX_CURRENT_FOR_VIO_ELECTROMIGRATION             ; 240                                                                                          ; --                             ; --          ; --               ;
; OPTIMIZE_HOLD_TIMING                             ; Off                                                                                          ; IO Paths and Minimum TPD Paths ; --          ; --               ;
; PARTITION_COLOR                                  ; 2147039                                                                                      ; --                             ; --          ; Top              ;
; PARTITION_NETLIST_TYPE                           ; SOURCE                                                                                       ; --                             ; --          ; Top              ;
; SLD_NODE_CREATOR_ID                              ; 110                                                                                          ; --                             ; --          ; auto_signaltap_0 ;
; SLD_NODE_ENTITY_NAME                             ; sld_signaltap                                                                                ; --                             ; --          ; auto_signaltap_0 ;
; SLD_NODE_PARAMETER_ASSIGNMENT                    ; SLD_NODE_INFO=805334528                                                                      ; --                             ; --          ; auto_signaltap_0 ;
; SLD_NODE_PARAMETER_ASSIGNMENT                    ; SLD_POWER_UP_TRIGGER=0                                                                       ; --                             ; --          ; auto_signaltap_0 ;
; SLD_NODE_PARAMETER_ASSIGNMENT                    ; SLD_STATE_FLOW_USE_GENERATED=0                                                               ; --                             ; --          ; auto_signaltap_0 ;
; SLD_NODE_PARAMETER_ASSIGNMENT                    ; SLD_STATE_BITS=11                                                                            ; --                             ; --          ; auto_signaltap_0 ;
; SLD_NODE_PARAMETER_ASSIGNMENT                    ; SLD_BUFFER_FULL_STOP=1                                                                       ; --                             ; --          ; auto_signaltap_0 ;
; SLD_NODE_PARAMETER_ASSIGNMENT                    ; SLD_CURRENT_RESOURCE_WIDTH=1                                                                 ; --                             ; --          ; auto_signaltap_0 ;
; SLD_NODE_PARAMETER_ASSIGNMENT                    ; SLD_TRIGGER_LEVEL=1                                                                          ; --                             ; --          ; auto_signaltap_0 ;
; SLD_NODE_PARAMETER_ASSIGNMENT                    ; SLD_ADVANCED_TRIGGER_ENTITY=basic,1,                                                         ; --                             ; --          ; auto_signaltap_0 ;
; SLD_NODE_PARAMETER_ASSIGNMENT                    ; SLD_TRIGGER_LEVEL_PIPELINE=1                                                                 ; --                             ; --          ; auto_signaltap_0 ;
; SLD_NODE_PARAMETER_ASSIGNMENT                    ; SLD_ENABLE_ADVANCED_TRIGGER=0                                                                ; --                             ; --          ; auto_signaltap_0 ;
; SLD_NODE_PARAMETER_ASSIGNMENT                    ; SLD_TRIGGER_IN_ENABLED=1                                                                     ; --                             ; --          ; auto_signaltap_0 ;
; SLD_NODE_PARAMETER_ASSIGNMENT                    ; SLD_SEGMENT_SIZE=2048                                                                        ; --                             ; --          ; auto_signaltap_0 ;
; SLD_NODE_PARAMETER_ASSIGNMENT                    ; SLD_SAMPLE_DEPTH=2048                                                                        ; --                             ; --          ; auto_signaltap_0 ;
; SLD_NODE_PARAMETER_ASSIGNMENT                    ; SLD_DATA_BITS=16                                                                             ; --                             ; --          ; auto_signaltap_0 ;
; SLD_NODE_PARAMETER_ASSIGNMENT                    ; SLD_TRIGGER_BITS=16                                                                          ; --                             ; --          ; auto_signaltap_0 ;
; SLD_NODE_PARAMETER_ASSIGNMENT                    ; SLD_INVERSION_MASK=0000000000000000000000000000000000000000000000000000000000000000000000000 ; --                             ; --          ; auto_signaltap_0 ;
; SLD_NODE_PARAMETER_ASSIGNMENT                    ; SLD_INVERSION_MASK_LENGTH=73                                                                 ; --                             ; --          ; auto_signaltap_0 ;
; SLD_NODE_PARAMETER_ASSIGNMENT                    ; SLD_NODE_CRC_LOWORD=30791                                                                    ; --                             ; --          ; auto_signaltap_0 ;
; SLD_NODE_PARAMETER_ASSIGNMENT                    ; SLD_NODE_CRC_HIWORD=52200                                                                    ; --                             ; --          ; auto_signaltap_0 ;
; USER_LIBRARIES                                   ; e:\Aldec\My_Designs\Afalina\Afalina_tvk\src                                                  ; --                             ; --          ; --               ;
; USE_SIGNALTAP_FILE                               ; EOP.stp                                                                                      ; --                             ; --          ; --               ;
; USE_TIMEQUEST_TIMING_ANALYZER                    ; Off                                                                                          ; On                             ; --          ; --               ;
+--------------------------------------------------+----------------------------------------------------------------------------------------------+--------------------------------+-------------+------------------+


+------------------------------------------------------------------+
; Flow Elapsed Time                                                ;
+-------------------------+--------------+-------------------------+
; Module Name             ; Elapsed Time ; Average Processors Used ;
+-------------------------+--------------+-------------------------+
; Analysis & Synthesis    ; 00:01:11     ; 1.0                     ;
; Fitter                  ; 00:01:07     ; 1.0                     ;
; Assembler               ; 00:00:09     ; 1.0                     ;
; Classic Timing Analyzer ; 00:00:05     ; 1.0                     ;
; EDA Netlist Writer      ; 00:00:04     ; 1.0                     ;
; Total                   ; 00:02:36     ; --                      ;
+-------------------------+--------------+-------------------------+


------------
; Flow Log ;
------------
quartus_map --read_settings_files=on --write_settings_files=off afalina_tvk -c afalina_tvk
quartus_fit --read_settings_files=off --write_settings_files=off afalina_tvk -c afalina_tvk
quartus_asm --read_settings_files=off --write_settings_files=off afalina_tvk -c afalina_tvk
quartus_tan --read_settings_files=off --write_settings_files=off afalina_tvk -c afalina_tvk --timing_analysis_only
quartus_eda --read_settings_files=off --write_settings_files=off afalina_tvk -c afalina_tvk



